app/build/intermediates/manifest_merge_blame_file/debug/manifest-merger-blame-debug-report.txt
1<?xml version="1.0" encoding="utf-8"?>
2<manifest xmlns:android="http://schemas.android.com/apk/res/android"
3    package="com.example.geofenceapp"
4    android:versionCode="1"
5    android:versionName="1.0" >
6
7    <uses-sdk
8        android:minSdkVersion="21"
8-->src\main\AndroidManifest.xml
9        android:targetSdkVersion="33" />
9-->src\main\AndroidManifest.xml
10
11    <!-- Location Permissions -->
12    <uses-permission android:name="android.permission.ACCESS_FINE_LOCATION" />
12-->src\main\AndroidManifest.xml:6:5-79
12-->src\main\AndroidManifest.xml:6:22-76
13    <uses-permission android:name="android.permission.ACCESS_COARSE_LOCATION" />
13-->src\main\AndroidManifest.xml:7:5-81
13-->src\main\AndroidManifest.xml:7:22-78
14
15    <!-- Background Location (For Android 10+) -->
16    <uses-permission android:name="android.permission.ACCESS_BACKGROUND_LOCATION" />
16-->src\main\AndroidManifest.xml:10:5-85
16-->src\main\AndroidManifest.xml:10:22-82
17
18    <!-- Internet permission for Google Maps -->
19    <uses-permission android:name="android.permission.INTERNET" />
19-->src\main\AndroidManifest.xml:13:5-67
19-->src\main\AndroidManifest.xml:13:22-64
20
21    <!-- Vibration for alerting -->
22    <uses-permission android:name="android.permission.VIBRATE" />
22-->src\main\AndroidManifest.xml:16:5-66
22-->src\main\AndroidManifest.xml:16:22-63
23
24    <!-- Include required permissions for Google Maps API to run. -->
25    <uses-permission android:name="android.permission.ACCESS_NETWORK_STATE" />
25-->[com.google.android.gms:play-services-maps:18.1.0] AndroidManifest.xml:23:5-79
25-->[com.google.android.gms:play-services-maps:18.1.0] AndroidManifest.xml:23:22-76
26
27    <uses-feature
27-->[com.google.android.gms:play-services-maps:18.1.0] AndroidManifest.xml:26:5-28:35
28        android:glEsVersion="0x00020000"
28-->[com.google.android.gms:play-services-maps:18.1.0] AndroidManifest.xml:27:9-41
29        android:required="true" />
29-->[com.google.android.gms:play-services-maps:18.1.0] AndroidManifest.xml:28:9-32
30
31    <queries>
31-->[com.google.android.gms:play-services-maps:18.1.0] AndroidManifest.xml:30:5-34:15
32
33        <!-- Needs to be explicitly declared on Android R+ -->
34        <package android:name="com.google.android.apps.maps" />
34-->[com.google.android.gms:play-services-maps:18.1.0] AndroidManifest.xml:33:9-64
34-->[com.google.android.gms:play-services-maps:18.1.0] AndroidManifest.xml:33:18-61
35    </queries>
36
37    <permission
37-->[androidx.core:core:1.9.0] AndroidManifest.xml:22:5-24:47
38        android:name="com.example.geofenceapp.DYNAMIC_RECEIVER_NOT_EXPORTED_PERMISSION"
38-->[androidx.core:core:1.9.0] AndroidManifest.xml:23:9-81
39        android:protectionLevel="signature" />
39-->[androidx.core:core:1.9.0] AndroidManifest.xml:24:9-44
40
41    <uses-permission android:name="com.example.geofenceapp.DYNAMIC_RECEIVER_NOT_EXPORTED_PERMISSION" />
41-->[androidx.core:core:1.9.0] AndroidManifest.xml:26:5-97
41-->[androidx.core:core:1.9.0] AndroidManifest.xml:26:22-94
42
43    <application
43-->src\main\AndroidManifest.xml:18:5-58:19
44        android:allowBackup="true"
44-->src\main\AndroidManifest.xml:19:9-35
45        android:appComponentFactory="androidx.core.app.CoreComponentFactory"
45-->[androidx.core:core:1.9.0] AndroidManifest.xml:28:18-86
46        android:debuggable="true"
47        android:label="Sairaj GEOFENCE"
47-->src\main\AndroidManifest.xml:21:9-40
48        android:supportsRtl="true"
48-->src\main\AndroidManifest.xml:23:9-35
49        android:theme="@style/AppTheme" >
49-->src\main\AndroidManifest.xml:24:9-40
50
51        <!-- Main Activity -->
52        <activity
52-->src\main\AndroidManifest.xml:27:9-34:20
53            android:name="com.example.geofenceapp.MainActivity"
53-->src\main\AndroidManifest.xml:28:13-41
54            android:exported="true" >
54-->src\main\AndroidManifest.xml:29:13-36
55            <intent-filter>
55-->src\main\AndroidManifest.xml:30:13-33:29
56                <action android:name="android.intent.action.MAIN" />
56-->src\main\AndroidManifest.xml:31:17-69
56-->src\main\AndroidManifest.xml:31:25-66
57
58                <category android:name="android.intent.category.LAUNCHER" />
58-->src\main\AndroidManifest.xml:32:17-77
58-->src\main\AndroidManifest.xml:32:27-74
59            </intent-filter>
60        </activity>
61
62        <!-- Maps Activity -->
63        <activity
63-->src\main\AndroidManifest.xml:37:9-40:58
64            android:name="com.example.geofenceapp.MapsActivity"
64-->src\main\AndroidManifest.xml:38:13-41
65            android:label="@string/map_screen_title"
65-->src\main\AndroidManifest.xml:39:13-53
66            android:parentActivityName="com.example.geofenceapp.MainActivity" />
66-->src\main\AndroidManifest.xml:40:13-55
67
68        <!-- Settings Activity -->
69        <activity
69-->src\main\AndroidManifest.xml:43:9-46:58
70            android:name="com.example.geofenceapp.SettingsActivity"
70-->src\main\AndroidManifest.xml:44:13-45
71            android:label="@string/settings_screen_title"
71-->src\main\AndroidManifest.xml:45:13-58
72            android:parentActivityName="com.example.geofenceapp.MainActivity" />
72-->src\main\AndroidManifest.xml:46:13-55
73
74        <!-- Google Maps API Key -->
75        <meta-data
75-->src\main\AndroidManifest.xml:49:9-51:71
76            android:name="com.google.android.geo.API_KEY"
76-->src\main\AndroidManifest.xml:50:13-58
77            android:value="AIzaSyAGRFHTZUrCGP8CjsJIK7_n_Je3IUzLcHM" />
77-->src\main\AndroidManifest.xml:51:13-68
78
79        <!-- BroadcastReceiver for Geofence transitions -->
80        <receiver
80-->src\main\AndroidManifest.xml:54:9-57:39
81            android:name="com.example.geofenceapp.GeofenceBroadcastReceiver"
81-->src\main\AndroidManifest.xml:55:13-54
82            android:enabled="true"
82-->src\main\AndroidManifest.xml:56:13-35
83            android:exported="true" />
83-->src\main\AndroidManifest.xml:57:13-36
84        <!-- Needs to be explicitly declared on P+ -->
85        <uses-library
85-->[com.google.android.gms:play-services-maps:18.1.0] AndroidManifest.xml:39:9-41:40
86            android:name="org.apache.http.legacy"
86-->[com.google.android.gms:play-services-maps:18.1.0] AndroidManifest.xml:40:13-50
87            android:required="false" />
87-->[com.google.android.gms:play-services-maps:18.1.0] AndroidManifest.xml:41:13-37
88
89        <activity
89-->[com.google.android.gms:play-services-base:18.1.0] AndroidManifest.xml:20:9-22:45
90            android:name="com.google.android.gms.common.api.GoogleApiActivity"
90-->[com.google.android.gms:play-services-base:18.1.0] AndroidManifest.xml:20:19-85
91            android:exported="false"
91-->[com.google.android.gms:play-services-base:18.1.0] AndroidManifest.xml:22:19-43
92            android:theme="@android:style/Theme.Translucent.NoTitleBar" />
92-->[com.google.android.gms:play-services-base:18.1.0] AndroidManifest.xml:21:19-78
93
94        <meta-data
94-->[com.google.android.gms:play-services-basement:18.1.0] AndroidManifest.xml:21:9-23:69
95            android:name="com.google.android.gms.version"
95-->[com.google.android.gms:play-services-basement:18.1.0] AndroidManifest.xml:22:13-58
96            android:value="@integer/google_play_services_version" />
96-->[com.google.android.gms:play-services-basement:18.1.0] AndroidManifest.xml:23:13-66
97
98        <provider
98-->[androidx.emoji2:emoji2:1.2.0] AndroidManifest.xml:24:9-32:20
99            android:name="androidx.startup.InitializationProvider"
99-->[androidx.emoji2:emoji2:1.2.0] AndroidManifest.xml:25:13-67
100            android:authorities="com.example.geofenceapp.androidx-startup"
100-->[androidx.emoji2:emoji2:1.2.0] AndroidManifest.xml:26:13-68
101            android:exported="false" >
101-->[androidx.emoji2:emoji2:1.2.0] AndroidManifest.xml:27:13-37
102            <meta-data
102-->[androidx.emoji2:emoji2:1.2.0] AndroidManifest.xml:29:13-31:52
103                android:name="androidx.emoji2.text.EmojiCompatInitializer"
103-->[androidx.emoji2:emoji2:1.2.0] AndroidManifest.xml:30:17-75
104                android:value="androidx.startup" />
104-->[androidx.emoji2:emoji2:1.2.0] AndroidManifest.xml:31:17-49
105            <meta-data
105-->[androidx.lifecycle:lifecycle-process:2.4.1] AndroidManifest.xml:31:13-33:52
106                android:name="androidx.lifecycle.ProcessLifecycleInitializer"
106-->[androidx.lifecycle:lifecycle-process:2.4.1] AndroidManifest.xml:32:17-78
107                android:value="androidx.startup" />
107-->[androidx.lifecycle:lifecycle-process:2.4.1] AndroidManifest.xml:33:17-49
108        </provider>
109
110        <uses-library
110-->[androidx.window:window:1.0.0] AndroidManifest.xml:25:9-27:40
111            android:name="androidx.window.extensions"
111-->[androidx.window:window:1.0.0] AndroidManifest.xml:26:13-54
112            android:required="false" />
112-->[androidx.window:window:1.0.0] AndroidManifest.xml:27:13-37
113        <uses-library
113-->[androidx.window:window:1.0.0] AndroidManifest.xml:28:9-30:40
114            android:name="androidx.window.sidecar"
114-->[androidx.window:window:1.0.0] AndroidManifest.xml:29:13-51
115            android:required="false" />
115-->[androidx.window:window:1.0.0] AndroidManifest.xml:30:13-37
116    </application>
117
118</manifest>